Unity Editor version:    2023.1.16f1 (e5ad54273a6f)
Branch:                  2023.1/staging
Build type:              Release
Batch mode:              YES
macOS version:           Version 14.1 (Build 23B73)
Darwin version:          23.1.0
Architecture:            arm64
Running under Rosetta:   NO
Available memory:        8192 MB
Using pre-set license
Pro License: YES

COMMAND LINE ARGUMENTS:
/Applications/Unity/Unity.app/Contents/MacOS/Unity
-adb2
-batchMode
-noUpm
-name
AssetImportWorker1
-projectPath
/Users/camilo/Desktop/Programacioﾌ］ 3D/New Unity Project (2)
-logFile
Logs/AssetImportWorker1.log
-srvPort
50443
Successfully changed project path to: /Users/camilo/Desktop/Programacioﾌ］ 3D/New Unity Project (2)
/Users/camilo/Desktop/Programacioﾌ］ 3D/New Unity Project (2)
[UnityMemory] Configuration Parameters - Can be set up in boot.config
    "memorysetup-bucket-allocator-granularity=16"
    "memorysetup-bucket-allocator-bucket-count=8"
    "memorysetup-bucket-allocator-block-size=33554432"
    "memorysetup-bucket-allocator-block-count=8"
    "memorysetup-main-allocator-block-size=16777216"
    "memorysetup-thread-allocator-block-size=16777216"
    "memorysetup-gfx-main-allocator-block-size=16777216"
    "memorysetup-gfx-thread-allocator-block-size=16777216"
    "memorysetup-cache-allocator-block-size=4194304"
    "memorysetup-typetree-allocator-block-size=2097152"
    "memorysetup-profiler-bucket-allocator-granularity=16"
    "memorysetup-profiler-bucket-allocator-bucket-count=8"
    "memorysetup-profiler-bucket-allocator-block-size=33554432"
    "memorysetup-profiler-bucket-allocator-block-count=8"
    "memorysetup-profiler-allocator-block-size=16777216"
    "memorysetup-profiler-editor-allocator-block-size=1048576"
    "memorysetup-temp-allocator-size-main=16777216"
    "memorysetup-job-temp-allocator-block-size=2097152"
    "memorysetup-job-temp-allocator-block-size-background=1048576"
    "memorysetup-job-temp-allocator-reduction-small-platforms=262144"
    "memorysetup-allocator-temp-initial-block-size-main=262144"
    "memorysetup-allocator-temp-initial-block-size-worker=262144"
    "memorysetup-temp-allocator-size-background-worker=32768"
    "memorysetup-temp-allocator-size-job-worker=262144"
    "memorysetup-temp-allocator-size-preload-manager=33554432"
    "memorysetup-temp-allocator-size-nav-mesh-worker=65536"
    "memorysetup-temp-allocator-size-audio-worker=65536"
    "memorysetup-temp-allocator-size-cloud-worker=32768"
    "memorysetup-temp-allocator-size-gi-baking-worker=262144"
    "memorysetup-temp-allocator-size-gfx=262144"
Player connection [8156946112] Host "[IP] 192.168.10.4 [Port] 0 [Flags] 2 [Guid] 4273881362 [EditorId] 4273881362 [Version] 1048832 [Id] OSXEditor(0,192.168.10.4) [Debug] 1 [PackageName] OSXEditor [ProjectName] Editor" joined multi-casting on [225.0.0.222:54997]...

Player connection [8156946112] Host "[IP] 192.168.10.4 [Port] 0 [Flags] 2 [Guid] 4273881362 [EditorId] 4273881362 [Version] 1048832 [Id] OSXEditor(0,192.168.10.4) [Debug] 1 [PackageName] OSXEditor [ProjectName] Editor" joined alternative multi-casting on [225.0.0.222:34997]...

[Physics::Module] Initialized MultithreadedJobDispatcher with 7 workers.
Library Redirect Path: Library/Refreshing native plugins compatible for Editor in 3.20 ms, found 0 plugins.
Preloading 0 native plugins for Editor in 0.00 ms.
Initialize engine version: 2023.1.16f1 (e5ad54273a6f)
[Subsystems] Discovering subsystems at path /Applications/Unity/Unity.app/Contents/Resources/UnitySubsystems
[Subsystems] Discovering subsystems at path /Users/camilo/Desktop/Programacioﾌ］ 3D/New Unity Project (2)/Assets
GfxDevice: creating device client; threaded=0; jobified=0
 preferred device: Apple M1 (high power)
Metal devices available: 1
0: Apple M1 (high power)
Using device Apple M1 (high power)
Initializing Metal device caps: Apple M1
Initialize mono
Mono path[0] = '/Applications/Unity/Unity.app/Contents/Managed'
Mono path[1] = '/Applications/Unity/Unity.app/Contents/MonoBleedingEdge/lib/mono/unityjit-macos'
Mono config path = '/Applications/Unity/Unity.app/Contents/MonoBleedingEdge/etc'
Using monoOptions --debugger-agent=transport=dt_socket,embedding=1,server=y,suspend=n,address=127.0.0.1:56833
Begin MonoManager ReloadAssembly
icall.c:1842:
icall.c:1842:
icall.c:1842:
icall.c:1842:
icall.c:1842:
icall.c:1842:
icall.c:1842:
icall.c:1842:
icall.c:1842:
icall.c:1842:
Registering precompiled unity dll's ...
Register platform support module: /Applications/Unity/Unity.app/Contents/PlaybackEngines/MacStandaloneSupport/UnityEditor.OSXStandalone.Extensions.dll
Registered in 0.001836 seconds.
- Loaded All Assemblies, in  0.265 seconds
Native extension for OSXStandalone target not found
Mono: successfully reloaded assembly
icall.c:1842:
icall.c:1842:
- Finished resetting the current domain, in  0.194 seconds
Domain Reload Profiling: 459ms
	BeginReloadAssembly (93ms)
		ExecutionOrderSort (0ms)
		DisableScriptedObjects (0ms)
		BackupInstance (0ms)
		ReleaseScriptingObjects (0ms)
		CreateAndSetChildDomain (1ms)
	RebuildCommonClasses (32ms)
	RebuildNativeTypeToScriptingClass (8ms)
	initialDomainReloadingComplete (30ms)
	LoadAllAssembliesAndSetupDomain (101ms)
		LoadAssemblies (92ms)
		RebuildTransferFunctionScriptingTraits (0ms)
		AnalyzeDomain (99ms)
			TypeCache.Refresh (98ms)
				TypeCache.ScanAssembly (87ms)
			ScanForSourceGeneratedMonoScriptInfo (0ms)
			ResolveRequiredComponents (0ms)
	FinalizeReload (194ms)
		ReleaseScriptCaches (0ms)
		RebuildScriptCaches (0ms)
		SetupLoadedEditorAssemblies (162ms)
			LogAssemblyErrors (0ms)
			InitializePlatformSupportModulesInManaged (5ms)
			SetLoadedEditorAssemblies (5ms)
			BeforeProcessingInitializeOnLoad (4ms)
			ProcessInitializeOnLoadAttributes (110ms)
			ProcessInitializeOnLoadMethodAttributes (39ms)
			AfterProcessingInitializeOnLoad (0ms)
			EditorAssembliesLoaded (0ms)
		ExecutionOrderSort2 (0ms)
		AwakeInstancesAfterBackupRestoration (0ms)
========================================================================
Worker process is ready to serve import requests
Import Worker Mode flag is 0x00
Begin MonoManager ReloadAssembly
icall.c:1842:
icall.c:1842:
icall.c:1842:
icall.c:1842:
icall.c:1842:
icall.c:1842:
icall.c:1842:
icall.c:1842:
icall.c:1842:
icall.c:1842:
icall.c:1842:
icall.c:1842:
- Loaded All Assemblies, in  0.420 seconds
Refreshing native plugins compatible for Editor in 0.24 ms, found 0 plugins.
Native extension for OSXStandalone target not found
Mono: successfully reloaded assembly
- Finished resetting the current domain, in  0.308 seconds
Domain Reload Profiling: 728ms
	BeginReloadAssembly (145ms)
		ExecutionOrderSort (0ms)
		DisableScriptedObjects (3ms)
		BackupInstance (0ms)
		ReleaseScriptingObjects (0ms)
		CreateAndSetChildDomain (16ms)
	RebuildCommonClasses (22ms)
	RebuildNativeTypeToScriptingClass (8ms)
	initialDomainReloadingComplete (20ms)
	LoadAllAssembliesAndSetupDomain (225ms)
		LoadAssemblies (132ms)
		RebuildTransferFunctionScriptingTraits (0ms)
		AnalyzeDomain (123ms)
			TypeCache.Refresh (113ms)
				TypeCache.ScanAssembly (108ms)
			ScanForSourceGeneratedMonoScriptInfo (5ms)
			ResolveRequiredComponents (5ms)
	FinalizeReload (308ms)
		ReleaseScriptCaches (0ms)
		RebuildScriptCaches (0ms)
		SetupLoadedEditorAssemblies (198ms)
			LogAssemblyErrors (0ms)
			InitializePlatformSupportModulesInManaged (3ms)
			SetLoadedEditorAssemblies (2ms)
			BeforeProcessingInitializeOnLoad (37ms)
			ProcessInitializeOnLoadAttributes (138ms)
			ProcessInitializeOnLoadMethodAttributes (17ms)
			AfterProcessingInitializeOnLoad (0ms)
			EditorAssembliesLoaded (0ms)
		ExecutionOrderSort2 (0ms)
		AwakeInstancesAfterBackupRestoration (3ms)
Launching external process: /Applications/Unity/Unity.app/Contents/Tools/UnityShaderCompiler
Launched and connected shader compiler UnityShaderCompiler after 0.20 seconds
Refreshing native plugins compatible for Editor in 0.21 ms, found 0 plugins.
Preloading 0 native plugins for Editor in 0.00 ms.
Unloading 2383 Unused Serialized files (Serialized files now loaded: 0)
Unloading 63 unused Assets / (2.8 MB). Loaded Objects now: 2897.
Memory consumption went from 157.2 MB to 154.4 MB.
Total: 3.513416 ms (FindLiveObjects: 0.089042 ms CreateObjectMapping: 0.028250 ms MarkObjects: 2.716708 ms  DeleteObjects: 0.678167 ms)

AssetImportParameters requested are different than current active one (requested -> active):
  custom:container-demuxer-ogg: 62fdf1f143b41e24485cea50d1cbac27 -> 
  custom:video-decoder-webm-vp8: 9c59270c3fd7afecdb556c50c9e8de78 -> 
  custom:audio-encoder-webm-vorbis: bf7c407c2cedff20999df2af8eb42d56 -> 
  custom:video-decoder-ogg-theora: a1e56fd34408186e4bbccfd4996cb3dc -> 
  custom:framework-osx-AVFoundation: e770b220cccbd017edd2c1fefb359320 -> 
  custom:container-muxer-webm: aa71ff27fc2769a1b78a27578f13a17b -> 
  custom:AudioImporter_EditorPlatform: 3918e3fc78b5a79bad01e8451be0beb8 -> 
  custom:audio-decoder-ogg-vorbis: bf7c407c2cedff20999df2af8eb42d56 -> 
  custom:container-demuxer-webm: 4f35f7cbe854078d1ac9338744f61a02 -> 
  custom:video-encoder-webm-vp8: eb34c28f22e8b96e1ab97ce403110664 -> 
========================================================================
Received Import Request.
  Time since last request: 73071.294501 seconds.
  path: Assets/Personajes/Personaje1.prefab
  artifactKey: Guid(97bc4f4491b5643af9f892f07d719815) Importer(815301076,1909f56bfc062723c751e8b465ee728b)
Start importing Assets/Personajes/Personaje1.prefab using Guid(97bc4f4491b5643af9f892f07d719815) Importer(815301076,1909f56bfc062723c751e8b465ee728b)  -> (artifact id: '9ed73ddedea775de321c56206dae752f') in 0.066945 seconds
Internal: There are remaining Allocations on the JobTempAlloc. This is a leak, and will impact performance
To Debug, run app with -diag-job-temp-memory-leak-validation cmd line argument. This will output the callstacks of the leaked allocations.
Number of updated asset objects reloaded before import = 0
Number of asset objects unloaded after import = 301
========================================================================
Received Import Request.
  Time since last request: 0.000052 seconds.
  path: Assets/Personajes/Personaje7.prefab
  artifactKey: Guid(46b5d30cca34b4d85b235891a187655e) Importer(815301076,1909f56bfc062723c751e8b465ee728b)
Start importing Assets/Personajes/Personaje7.prefab using Guid(46b5d30cca34b4d85b235891a187655e) Importer(815301076,1909f56bfc062723c751e8b465ee728b)  -> (artifact id: 'b775536d8d35007bd88a21a2da47ca67') in 0.020865 seconds
Internal: There are remaining Allocations on the JobTempAlloc. This is a leak, and will impact performance
To Debug, run app with -diag-job-temp-memory-leak-validation cmd line argument. This will output the callstacks of the leaked allocations.
Number of updated asset objects reloaded before import = 0
Number of asset objects unloaded after import = 367
========================================================================
Received Import Request.
  Time since last request: 0.000093 seconds.
  path: Assets/Personajes/Personaje5.prefab
  artifactKey: Guid(5840fef4e22a8420489a54a3e3b5b063) Importer(815301076,1909f56bfc062723c751e8b465ee728b)
Start importing Assets/Personajes/Personaje5.prefab using Guid(5840fef4e22a8420489a54a3e3b5b063) Importer(815301076,1909f56bfc062723c751e8b465ee728b)  -> (artifact id: '358ab9ad203000f5a32b2e59550b519a') in 0.017072 seconds
Internal: There are remaining Allocations on the JobTempAlloc. This is a leak, and will impact performance
To Debug, run app with -diag-job-temp-memory-leak-validation cmd line argument. This will output the callstacks of the leaked allocations.
Number of updated asset objects reloaded before import = 0
Number of asset objects unloaded after import = 298
========================================================================
Received Import Request.
  Time since last request: 0.000039 seconds.
  path: Assets/Personajes/Personaje2.prefab
  artifactKey: Guid(7b426f71a616445b4bfc0103441cf3e9) Importer(815301076,1909f56bfc062723c751e8b465ee728b)
Start importing Assets/Personajes/Personaje2.prefab using Guid(7b426f71a616445b4bfc0103441cf3e9) Importer(815301076,1909f56bfc062723c751e8b465ee728b)  -> (artifact id: 'aa00a4c4f771741d11097e26c3986acc') in 0.013380 seconds
Internal: There are remaining Allocations on the JobTempAlloc. This is a leak, and will impact performance
To Debug, run app with -diag-job-temp-memory-leak-validation cmd line argument. This will output the callstacks of the leaked allocations.
Number of updated asset objects reloaded before import = 0
Number of asset objects unloaded after import = 302
========================================================================
Received Import Request.
  Time since last request: 0.000035 seconds.
  path: Assets/Objetos/noObject.png
  artifactKey: Guid(f178540f23ddf469cbea13cd12a554cf) Importer(815301076,1909f56bfc062723c751e8b465ee728b)
Start importing Assets/Objetos/noObject.png using Guid(f178540f23ddf469cbea13cd12a554cf) Importer(815301076,1909f56bfc062723c751e8b465ee728b)  -> (artifact id: '721d36e4377cfee4176db59c5481442f') in 0.106166 seconds
Internal: There are remaining Allocations on the JobTempAlloc. This is a leak, and will impact performance
To Debug, run app with -diag-job-temp-memory-leak-validation cmd line argument. This will output the callstacks of the leaked allocations.
Number of updated asset objects reloaded before import = 0
Number of asset objects unloaded after import = 3
========================================================================
Received Import Request.
  Time since last request: 0.000105 seconds.
  path: Assets/Personajes/Personaje9.prefab
  artifactKey: Guid(37d101c62667d41a493714dd53d20539) Importer(815301076,1909f56bfc062723c751e8b465ee728b)
Start importing Assets/Personajes/Personaje9.prefab using Guid(37d101c62667d41a493714dd53d20539) Importer(815301076,1909f56bfc062723c751e8b465ee728b)  -> (artifact id: 'cccce15d35d728a11fe3524223524a21') in 0.013846 seconds
Internal: There are remaining Allocations on the JobTempAlloc. This is a leak, and will impact performance
To Debug, run app with -diag-job-temp-memory-leak-validation cmd line argument. This will output the callstacks of the leaked allocations.
Number of updated asset objects reloaded before import = 0
Number of asset objects unloaded after import = 366
========================================================================
Received Import Request.
  Time since last request: 0.000036 seconds.
  path: Assets/Objetos/craiyon_221754_Forest_wood_frame.png
  artifactKey: Guid(fef62a0c4d32f4511ad96aea2d42df26) Importer(815301076,1909f56bfc062723c751e8b465ee728b)
Start importing Assets/Objetos/craiyon_221754_Forest_wood_frame.png using Guid(fef62a0c4d32f4511ad96aea2d42df26) Importer(815301076,1909f56bfc062723c751e8b465ee728b)  -> (artifact id: '1b89f2e9d7a686073694b7b4fdf871e3') in 0.005022 seconds
Internal: There are remaining Allocations on the JobTempAlloc. This is a leak, and will impact performance
To Debug, run app with -diag-job-temp-memory-leak-validation cmd line argument. This will output the callstacks of the leaked allocations.
Number of updated asset objects reloaded before import = 0
Number of asset objects unloaded after import = 2
========================================================================
Received Import Request.
  Time since last request: 0.000212 seconds.
  path: Assets/Objetos/characterFrame.png
  artifactKey: Guid(8aa2830b297704bdda1007525fa54b8c) Importer(815301076,1909f56bfc062723c751e8b465ee728b)
Start importing Assets/Objetos/characterFrame.png using Guid(8aa2830b297704bdda1007525fa54b8c) Importer(815301076,1909f56bfc062723c751e8b465ee728b)  -> (artifact id: '3679d99346d369d937b565ff7fd8d586') in 0.008729 seconds
Internal: There are remaining Allocations on the JobTempAlloc. This is a leak, and will impact performance
To Debug, run app with -diag-job-temp-memory-leak-validation cmd line argument. This will output the callstacks of the leaked allocations.
Number of updated asset objects reloaded before import = 0
Number of asset objects unloaded after import = 3
========================================================================
Received Import Request.
  Time since last request: 0.000107 seconds.
  path: Assets/Objetos/Cuchillo.png
  artifactKey: Guid(a7098a228a81e487c92ca4f310713f35) Importer(815301076,1909f56bfc062723c751e8b465ee728b)
Start importing Assets/Objetos/Cuchillo.png using Guid(a7098a228a81e487c92ca4f310713f35) Importer(815301076,1909f56bfc062723c751e8b465ee728b)  -> (artifact id: '416d147c46d37f182c90ce092e3f78cf') in 0.007534 seconds
Internal: There are remaining Allocations on the JobTempAlloc. This is a leak, and will impact performance
To Debug, run app with -diag-job-temp-memory-leak-validation cmd line argument. This will output the callstacks of the leaked allocations.
Number of updated asset objects reloaded before import = 0
Number of asset objects unloaded after import = 3
========================================================================
Received Import Request.
  Time since last request: 0.000035 seconds.
  path: Assets/Personajes/Personaje6.prefab
  artifactKey: Guid(087b3238779d54b0eb282ff019aa08d9) Importer(815301076,1909f56bfc062723c751e8b465ee728b)
Start importing Assets/Personajes/Personaje6.prefab using Guid(087b3238779d54b0eb282ff019aa08d9) Importer(815301076,1909f56bfc062723c751e8b465ee728b)  -> (artifact id: '7ab6894ed1efd3e3e50abd66e1ed2d9b') in 0.014704 seconds
Internal: There are remaining Allocations on the JobTempAlloc. This is a leak, and will impact performance
To Debug, run app with -diag-job-temp-memory-leak-validation cmd line argument. This will output the callstacks of the leaked allocations.
Number of updated asset objects reloaded before import = 0
Number of asset objects unloaded after import = 368
========================================================================
Received Import Request.
  Time since last request: 0.000036 seconds.
  path: Assets/Objetos/inventario.png
  artifactKey: Guid(540ee556bf7f04c92a8a450bc508a94b) Importer(815301076,1909f56bfc062723c751e8b465ee728b)
Start importing Assets/Objetos/inventario.png using Guid(540ee556bf7f04c92a8a450bc508a94b) Importer(815301076,1909f56bfc062723c751e8b465ee728b)  -> (artifact id: 'bcafcac0b34600181ee2c43706a30513') in 0.005898 seconds
Internal: There are remaining Allocations on the JobTempAlloc. This is a leak, and will impact performance
To Debug, run app with -diag-job-temp-memory-leak-validation cmd line argument. This will output the callstacks of the leaked allocations.
Number of updated asset objects reloaded before import = 0
Number of asset objects unloaded after import = 3
========================================================================
Received Import Request.
  Time since last request: 0.000119 seconds.
  path: Assets/Personajes/Personaje8.prefab
  artifactKey: Guid(8d3b562b58c924008b9ca4745049f317) Importer(815301076,1909f56bfc062723c751e8b465ee728b)
Start importing Assets/Personajes/Personaje8.prefab using Guid(8d3b562b58c924008b9ca4745049f317) Importer(815301076,1909f56bfc062723c751e8b465ee728b)  -> (artifact id: '0e440510c3c76c21c327d3c9ce3a081e') in 0.015623 seconds
Internal: There are remaining Allocations on the JobTempAlloc. This is a leak, and will impact performance
To Debug, run app with -diag-job-temp-memory-leak-validation cmd line argument. This will output the callstacks of the leaked allocations.
Number of updated asset objects reloaded before import = 0
Number of asset objects unloaded after import = 365
========================================================================
Received Import Request.
  Time since last request: 0.000047 seconds.
  path: Assets/Objetos/Llave.png
  artifactKey: Guid(61436f821d2a04841a513896eb8cfc61) Importer(815301076,1909f56bfc062723c751e8b465ee728b)
Start importing Assets/Objetos/Llave.png using Guid(61436f821d2a04841a513896eb8cfc61) Importer(815301076,1909f56bfc062723c751e8b465ee728b)  -> (artifact id: '10e27eb3103bc62b57a54e41c3be7319') in 0.007029 seconds
Internal: JobTempAlloc has allocations that are more than the maximum lifespan of 4 frames old - this is not allowed and likely a leak
To Debug, run app with -diag-job-temp-memory-leak-validation cmd line argument. This will output the callstacks of the leaked allocations.
Internal: There are remaining Allocations on the JobTempAlloc. This is a leak, and will impact performance
To Debug, run app with -diag-job-temp-memory-leak-validation cmd line argument. This will output the callstacks of the leaked allocations.
Number of updated asset objects reloaded before import = 0
Number of asset objects unloaded after import = 3
========================================================================
Received Import Request.
  Time since last request: 0.000132 seconds.
  path: Assets/Objetos/inventoryFrame.png
  artifactKey: Guid(bfcc70288c25e46f3ae84cb1eee20d7b) Importer(815301076,1909f56bfc062723c751e8b465ee728b)
Start importing Assets/Objetos/inventoryFrame.png using Guid(bfcc70288c25e46f3ae84cb1eee20d7b) Importer(815301076,1909f56bfc062723c751e8b465ee728b)  -> (artifact id: '43302fe8a67bfa64535697f81a491eaf') in 0.006596 seconds
Internal: There are remaining Allocations on the JobTempAlloc. This is a leak, and will impact performance
To Debug, run app with -diag-job-temp-memory-leak-validation cmd line argument. This will output the callstacks of the leaked allocations.
Number of updated asset objects reloaded before import = 0
Number of asset objects unloaded after import = 3
========================================================================
Received Import Request.
  Time since last request: 0.000094 seconds.
  path: Assets/Objetos/button.png
  artifactKey: Guid(de95c21ffc26e40119c35c149c043635) Importer(815301076,1909f56bfc062723c751e8b465ee728b)
Start importing Assets/Objetos/button.png using Guid(de95c21ffc26e40119c35c149c043635) Importer(815301076,1909f56bfc062723c751e8b465ee728b)  -> (artifact id: '8d1ced956c7c086b56d649b8f6f1be3a') in 0.008182 seconds
Internal: There are remaining Allocations on the JobTempAlloc. This is a leak, and will impact performance
To Debug, run app with -diag-job-temp-memory-leak-validation cmd line argument. This will output the callstacks of the leaked allocations.
Number of updated asset objects reloaded before import = 0
Number of asset objects unloaded after import = 3
========================================================================
Received Import Request.
  Time since last request: 0.000137 seconds.
  path: Assets/Personajes/Personaje4.prefab
  artifactKey: Guid(68a4f011dee1e4b38a7c3a85880749b3) Importer(815301076,1909f56bfc062723c751e8b465ee728b)
Start importing Assets/Personajes/Personaje4.prefab using Guid(68a4f011dee1e4b38a7c3a85880749b3) Importer(815301076,1909f56bfc062723c751e8b465ee728b)  -> (artifact id: '28b654c69e85e42667fb5a2ffd908ac6') in 0.012790 seconds
Internal: There are remaining Allocations on the JobTempAlloc. This is a leak, and will impact performance
To Debug, run app with -diag-job-temp-memory-leak-validation cmd line argument. This will output the callstacks of the leaked allocations.
Number of updated asset objects reloaded before import = 0
Number of asset objects unloaded after import = 304
========================================================================
Received Import Request.
  Time since last request: 0.000056 seconds.
  path: Assets/Objetos/Papel.png
  artifactKey: Guid(17560cb57ae51452681bf6410de4f7c3) Importer(815301076,1909f56bfc062723c751e8b465ee728b)
Start importing Assets/Objetos/Papel.png using Guid(17560cb57ae51452681bf6410de4f7c3) Importer(815301076,1909f56bfc062723c751e8b465ee728b)  -> (artifact id: '3a36e4d9c495ca3822c77c214b96f556') in 0.003760 seconds
Internal: There are remaining Allocations on the JobTempAlloc. This is a leak, and will impact performance
To Debug, run app with -diag-job-temp-memory-leak-validation cmd line argument. This will output the callstacks of the leaked allocations.
Number of updated asset objects reloaded before import = 0
Number of asset objects unloaded after import = 3
========================================================================
Received Import Request.
  Time since last request: 0.000230 seconds.
  path: Assets/Personajes/Personaje3.prefab
  artifactKey: Guid(97e0cdfa34a9d4a12b435889941e0748) Importer(815301076,1909f56bfc062723c751e8b465ee728b)
Start importing Assets/Personajes/Personaje3.prefab using Guid(97e0cdfa34a9d4a12b435889941e0748) Importer(815301076,1909f56bfc062723c751e8b465ee728b)  -> (artifact id: 'd108e0e43e6a9d9721dfa9d1ae2d83f6') in 0.017038 seconds
Internal: There are remaining Allocations on the JobTempAlloc. This is a leak, and will impact performance
To Debug, run app with -diag-job-temp-memory-leak-validation cmd line argument. This will output the callstacks of the leaked allocations.
Number of updated asset objects reloaded before import = 0
Number of asset objects unloaded after import = 371
========================================================================
Received Prepare
Refreshing native plugins compatible for Editor in 0.37 ms, found 0 plugins.
Preloading 0 native plugins for Editor in 0.00 ms.
Unloading 21 Unused Serialized files (Serialized files now loaded: 0)
Unloading 22 unused Assets / (2.8 MB). Loaded Objects now: 2926.
Memory consumption went from 92.1 MB to 89.2 MB.
Total: 27.102167 ms (FindLiveObjects: 1.135708 ms CreateObjectMapping: 0.031917 ms MarkObjects: 25.451542 ms  DeleteObjects: 0.482416 ms)

Prepare: number of updated asset objects reloaded= 0
AssetImportParameters requested are different than current active one (requested -> active):
  custom:container-demuxer-ogg: 62fdf1f143b41e24485cea50d1cbac27 -> 
  custom:video-decoder-webm-vp8: 9c59270c3fd7afecdb556c50c9e8de78 -> 
  custom:SearchIndexIgnoredProperties: e643bd26f0fe6173181afceb89e7c659 -> 
  custom:audio-encoder-webm-vorbis: bf7c407c2cedff20999df2af8eb42d56 -> 
  custom:video-decoder-ogg-theora: a1e56fd34408186e4bbccfd4996cb3dc -> 
  custom:framework-osx-AVFoundation: e770b220cccbd017edd2c1fefb359320 -> 
  custom:container-muxer-webm: aa71ff27fc2769a1b78a27578f13a17b -> 
  custom:AudioImporter_EditorPlatform: 3918e3fc78b5a79bad01e8451be0beb8 -> 
  custom:audio-decoder-ogg-vorbis: bf7c407c2cedff20999df2af8eb42d56 -> 
  custom:CustomObjectIndexerAttribute: d54d2f2da18e7612c182cf67624b6b12 -> 
  custom:container-demuxer-webm: 4f35f7cbe854078d1ac9338744f61a02 -> 
  custom:video-encoder-webm-vp8: eb34c28f22e8b96e1ab97ce403110664 -> 
========================================================================
Received Import Request.
  Time since last request: 35.936072 seconds.
  path: Assets/Models/Personaje1.fbx
  artifactKey: Guid(616805552b1024b43bd06b23d8d03a32) Importer(815301076,1909f56bfc062723c751e8b465ee728b)
Start importing Assets/Models/Personaje1.fbx using Guid(616805552b1024b43bd06b23d8d03a32) Importer(815301076,1909f56bfc062723c751e8b465ee728b)  -> (artifact id: '1ff3cebd3ac308db97c463dd1c679ced') in 0.126151 seconds
Internal: There are remaining Allocations on the JobTempAlloc. This is a leak, and will impact performance
To Debug, run app with -diag-job-temp-memory-leak-validation cmd line argument. This will output the callstacks of the leaked allocations.
Number of updated asset objects reloaded before import = 0
Number of asset objects unloaded after import = 188
========================================================================
Received Import Request.
  Time since last request: 0.000036 seconds.
  path: Assets/Models/Personaje2.fbx
  artifactKey: Guid(9c56e102c6dce46b7ad429660205a4ee) Importer(815301076,1909f56bfc062723c751e8b465ee728b)
Start importing Assets/Models/Personaje2.fbx using Guid(9c56e102c6dce46b7ad429660205a4ee) Importer(815301076,1909f56bfc062723c751e8b465ee728b)  -> (artifact id: '12c52819f843cb7b1fa222257fe946cf') in 0.058147 seconds
Internal: There are remaining Allocations on the JobTempAlloc. This is a leak, and will impact performance
To Debug, run app with -diag-job-temp-memory-leak-validation cmd line argument. This will output the callstacks of the leaked allocations.
Number of updated asset objects reloaded before import = 0
Number of asset objects unloaded after import = 151
========================================================================
Received Import Request.
  Time since last request: 0.000022 seconds.
  path: Assets/Models/Personaje1@Standing React Death Backward.fbx
  artifactKey: Guid(fdf715e4109e242ec9a98daeb1a48309) Importer(815301076,1909f56bfc062723c751e8b465ee728b)
Start importing Assets/Models/Personaje1@Standing React Death Backward.fbx using Guid(fdf715e4109e242ec9a98daeb1a48309) Importer(815301076,1909f56bfc062723c751e8b465ee728b)  -> (artifact id: 'f87b61dda711c90db5d9179e9a625cca') in 0.072017 seconds
Internal: There are remaining Allocations on the JobTempAlloc. This is a leak, and will impact performance
To Debug, run app with -diag-job-temp-memory-leak-validation cmd line argument. This will output the callstacks of the leaked allocations.
Number of updated asset objects reloaded before import = 0
Number of asset objects unloaded after import = 189
========================================================================
Received Import Request.
  Time since last request: 0.000040 seconds.
  path: Assets/Models/Personaje2@Neutral Idle.fbx
  artifactKey: Guid(af4e7dd2e272946aa9b1bb7b79142acc) Importer(815301076,1909f56bfc062723c751e8b465ee728b)
Start importing Assets/Models/Personaje2@Neutral Idle.fbx using Guid(af4e7dd2e272946aa9b1bb7b79142acc) Importer(815301076,1909f56bfc062723c751e8b465ee728b)  -> (artifact id: '2d1036bd0db2b1a429c5911812bef030') in 0.056797 seconds
Internal: JobTempAlloc has allocations that are more than the maximum lifespan of 4 frames old - this is not allowed and likely a leak
To Debug, run app with -diag-job-temp-memory-leak-validation cmd line argument. This will output the callstacks of the leaked allocations.
Internal: There are remaining Allocations on the JobTempAlloc. This is a leak, and will impact performance
To Debug, run app with -diag-job-temp-memory-leak-validation cmd line argument. This will output the callstacks of the leaked allocations.
Number of updated asset objects reloaded before import = 0
Number of asset objects unloaded after import = 151
========================================================================
Received Import Request.
  Time since last request: 0.000036 seconds.
  path: Assets/Models/Personaje1@Brutal To Happy Walking.fbx
  artifactKey: Guid(f1a6df66e0309448d820d74085b2529e) Importer(815301076,1909f56bfc062723c751e8b465ee728b)
Start importing Assets/Models/Personaje1@Brutal To Happy Walking.fbx using Guid(f1a6df66e0309448d820d74085b2529e) Importer(815301076,1909f56bfc062723c751e8b465ee728b)  -> (artifact id: '73d2f0c3f6b2700a8877c3e927b4c346') in 0.079285 seconds
Internal: There are remaining Allocations on the JobTempAlloc. This is a leak, and will impact performance
To Debug, run app with -diag-job-temp-memory-leak-validation cmd line argument. This will output the callstacks of the leaked allocations.
Number of updated asset objects reloaded before import = 0
Number of asset objects unloaded after import = 189
========================================================================
Received Import Request.
  Time since last request: 0.000054 seconds.
  path: Assets/House/GreenHouse.blend
  artifactKey: Guid(17f2c1e7abe86482cb9a77f39e61120a) Importer(815301076,1909f56bfc062723c751e8b465ee728b)
Start importing Assets/House/GreenHouse.blend using Guid(17f2c1e7abe86482cb9a77f39e61120a) Importer(815301076,1909f56bfc062723c751e8b465ee728b)  -> (artifact id: 'cbb603c56f3dc9748dccb546a7813796') in 0.257693 seconds
Internal: There are remaining Allocations on the JobTempAlloc. This is a leak, and will impact performance
To Debug, run app with -diag-job-temp-memory-leak-validation cmd line argument. This will output the callstacks of the leaked allocations.
Number of updated asset objects reloaded before import = 0
Number of asset objects unloaded after import = 146
